[farmkart.ng/index.html]
[backblue.gif]
[fade.gif]
[index.html]
[farmkart.ng/wp-content/uploads/2021/02/Group-4.png]
[farmkart.ng/feed/index.html]
[farmkart.ng/wp-content/plugins/minmax-quantity-for-woocommerce/css/shopcb9c.css]
[farmkart.ng/wp-includes/css/dist/block-library/style.min1eb7.css]
[farmkart.ng/comments/feed/index.html]
[farmkart.ng/wp-includes/css/dist/components/style.min1eb7.css]
[farmkart.ng/wp-includes/css/dist/block-editor/style.min1eb7.css]
[farmkart.ng/wp-includes/css/dist/nux/style.min1eb7.css]
[farmkart.ng/wp-includes/css/dist/reusable-blocks/style.min1eb7.css]
[farmkart.ng/wp-includes/css/dist/editor/style.min1eb7.css]
[farmkart.ng/wp-content/plugins/woocommerce/packages/woocommerce-blocks/build/wc-blocks-vendors-style4ae6.css]
[farmkart.ng/wp-content/plugins/woocommerce/packages/woocommerce-blocks/build/wc-blocks-style4ae6.css]
[farmkart.ng/wp-content/plugins/simple-job-board/public/css/font-awesome.min1849.css]
[farmkart.ng/wp-content/plugins/simple-job-board/public/css/jquery-ui35d0.css]
[farmkart.ng/wp-content/plugins/simple-job-board/public/css/simple-job-board-public6e0e.css]
[farmkart.ng/wp-content/uploads/essential-addons-elementor/cb70d11b8.min93a6.css]
[farmkart.ng/wp-content/plugins/yith-woocommerce-social-login/assets/css/frontend1eb7.css]
[farmkart.ng/wp-content/plugins/elementor/assets/lib/eicons/css/elementor-icons.min7816.css]
[farmkart.ng/wp-content/plugins/essential-addons-for-elementor-lite/assets/admin/images/templately/logo-icon.svg]
[farmkart.ng/wp-content/plugins/elementor/assets/css/frontend-legacy.minf4e1.css]
[farmkart.ng/wp-content/plugins/elementor/assets/css/frontend.minf4e1.css]
[farmkart.ng/wp-content/uploads/elementor/css/post-2041adc4.css]
[farmkart.ng/wp-content/plugins/elementor-pro/assets/css/frontend.minf3df.css]
[farmkart.ng/wp-content/plugins/elementor/assets/lib/font-awesome/css/all.min9738.css]
[farmkart.ng/wp-content/plugins/elementor/assets/lib/font-awesome/css/v4-shims.min9738.css]
[farmkart.ng/wp-content/uploads/elementor/css/global3f30.css]
[farmkart.ng/wp-content/uploads/elementor/css/post-20153f30.css]
[farmkart.ng/wp-content/uploads/elementor/css/post-18963f30.css]
[farmkart.ng/wp-content/uploads/elementor/css/post-20803f30.css]
[farmkart.ng/wp-content/themes/savoy/assets/css/third-party/normalize.min5b75.css]
[farmkart.ng/wp-content/themes/savoy/assets/css/third-party/slick.min2846.css]
[farmkart.ng/wp-content/themes/savoy/assets/css/third-party/slick-theme.min2846.css]
[farmkart.ng/wp-content/themes/savoy/assets/css/third-party/magnific-popup.mindfe0.css]
[farmkart.ng/wp-content/themes/savoy/assets/css/grided42.css]
[farmkart.ng/wp-content/themes/savoy/assets/css/third-party/selectod.min7e2e.css]
[farmkart.ng/wp-content/themes/savoy/assets/css/shoped42.css]
[farmkart.ng/wp-content/themes/savoy/assets/css/font-icons/theme-icons/theme-icons.mined42.css]
[farmkart.ng/wp-content/themes/savoy/styleed42.css]
[farmkart.ng/wp-content/themes/savoy/assets/css/elementsed42.css]
[farmkart.ng/wp-content/themes/savoy-child/styled78f.css]
[farmkart.ng/wp-content/themes/savoy-child/custom-styled78f.css]
[farmkart.ng/wp-content/plugins/elementor/assets/lib/font-awesome/css/fontawesome.min52d5.css]
[farmkart.ng/wp-content/plugins/elementor/assets/lib/font-awesome/css/solid.min52d5.css]
[farmkart.ng/wp-content/plugins/elementor/assets/lib/font-awesome/css/brands.min52d5.css]
[farmkart.ng/wp-includes/js/jquery/jquery.minaf6c.js]
[farmkart.ng/wp-includes/js/jquery/jquery-migrate.mind617.js]
[farmkart.ng/wp-content/plugins/minmax-quantity-for-woocommerce/js/frontend1eb7.js]
[farmkart.ng/wp-content/plugins/elementor/assets/lib/font-awesome/js/v4-shims.min9738.js]
[farmkart.ng/wp-json/wp/v2/pages/2015.json]
[farmkart.ng/wp-json/index.html]
[farmkart.ng/xmlrpc0db0.php]
[farmkart.ng/wp-includes/wlwmanifest.xml]
[farmkart.ng/wp-json/oembed/1.0/embed62eb.json]
[farmkart.ng/wp-json/oembed/1.0/embed0430]
[farmkart.ng/wp-content/uploads/2018/06/cropped-Farmkart-icon-32x32.png]
[farmkart.ng/wp-content/uploads/2018/06/cropped-Farmkart-icon-192x192.png]
[farmkart.ng/wp-content/uploads/2018/06/cropped-Farmkart-icon-180x180.png]
[farmkart.ng/wp-content/uploads/2021/05/Farmkart.png]
[farmkart.ng/wp-content/uploads/2021/05/menu-1-2.svg]
[farmkart.ng/wp-content/uploads/2021/05/IMG_4679-removebg_.png]
[farmkart.ng/about/index.html]
[farmkart.ng/services/index.html]
[farmkart.ng/impacts/index.html]
[farmkart.ng/blog/index.html]
[farmkart.ng/wp-content/uploads/2021/05/farmkart-catfish-2-150x150.jpg]
[farmkart.ng/contact/index.html]
[farmkart.ng/wp-content/uploads/2021/05/Rectangle-47.png]
[farmkart.ng/my-account/index.html]
[farmkart.ng/wp-content/uploads/2021/05/Rectangle-48-150x150.png]
[farmkart.ng/wp-content/uploads/2021/05/Rectangle-49-150x150.png]
[farmkart.ng/wp-content/uploads/2021/05/IMG_4487-removebg_-768x1024.png]
[farmkart.ng/wp-content/uploads/2021/05/Group-33.png]
[farmkart.ng/wp-content/uploads/2021/05/Group-31.png]
[farmkart.ng/wp-content/uploads/2021/05/Group-30.png]
[farmkart.ng/wp-content/uploads/2021/05/Group-32.png]
[farmkart.ng/wp-content/uploads/2021/05/Group-29.png]
[farmkart.ng/wp-content/uploads/2021/05/Group-35-2.png]
[farmkart.ng/wp-content/uploads/2021/05/Frame-1.png]
[farmkart.ng/wp-content/uploads/2021/05/Group-19-3-1024x379.png]
[farmkart.ng/wp-content/uploads/2021/05/Rectangle-30-2-1024x372.png]
[farmkart.ng/wp-content/uploads/2021/05/Group.svg]
[farmkart.ng/cdn-cgi/l/email-protection.html]
[farmkart.ng/cdn-cgi/scripts/5c5dd728/cloudflare-static/email-decode.min.js]
[chimpstatic.com/mcjs-connected/js/users/4883d17c0a431ac9b10ff097c/dc9ac54fb327257f18cc4d3ad.js]
[farmkart.ng/wp-content/uploads/2021/05/x-3.svg]
[farmkart.ng/wp-content/uploads/elementor/css/post-2139c897.css]
[farmkart.ng/privacy-terms/index.html]
[farmkart.ng/wp-content/plugins/elementor/assets/lib/animations/animations.minf4e1.css]
[farmkart.ng/wp-content/plugins/woocommerce/assets/css/photoswipe/photoswipe.minb6a4.css]
[farmkart.ng/wp-content/plugins/woocommerce/assets/css/photoswipe/default-skin/default-skin.minb6a4.css]
[farmkart.ng/wp-content/plugins/woocommerce/assets/js/jquery-blockui/jquery.blockUI.min633e.js]
[farmkart.ng/wp-content/plugins/woocommerce/assets/js/frontend/add-to-cart.minb6a4.js]
[farmkart.ng/wp-content/plugins/woocommerce/assets/js/js-cookie/js.cookie.min88a5.js]
[farmkart.ng/wp-content/plugins/woocommerce/assets/js/frontend/woocommerce.minb6a4.js]
[farmkart.ng/wp-content/plugins/woocommerce/assets/js/frontend/cart-fragments.minb6a4.js]
[farmkart.ng/wp-content/uploads/essential-addons-elementor/cb70d11b8.min93a6.js]
[farmkart.ng/wp-content/plugins/yith-woocommerce-social-login/assets/js/frontend.min6dbf.js]
[farmkart.ng/wp-content/plugins/mailchimp-for-woocommerce/public/js/mailchimp-woocommerce-public.min51c1.js]
[farmkart.ng/wp-content/themes/savoy/assets/js/plugins/modernizr.minf7ff.js]
[farmkart.ng/wp-content/themes/savoy/assets/js/plugins/slick.min2846.js]
[farmkart.ng/wp-content/themes/savoy/assets/js/plugins/jquery.magnific-popup.mine2dc.js]
[farmkart.ng/wp-content/themes/savoy/assets/js/nm-core.mined42.js]
[farmkart.ng/wp-content/themes/savoy/assets/js/nm-blog.mined42.js]
[farmkart.ng/wp-content/themes/savoy/assets/js/nm-shop-search.mined42.js]
[farmkart.ng/wp-content/themes/savoy-child/custom-scriptd78f.js]
[farmkart.ng/wp-content/plugins/elementor-pro/assets/lib/smartmenus/jquery.smartmenus.minf269.js]
[farmkart.ng/wp-includes/js/imagesloaded.mineda1.js]
[farmkart.ng/wp-content/plugins/elementor-pro/assets/js/webpack-pro.runtime.minf3df.js]
[farmkart.ng/wp-content/plugins/elementor/assets/js/webpack.runtime.minf4e1.js]
[farmkart.ng/wp-content/plugins/elementor/assets/js/frontend-modules.minf4e1.js]
[farmkart.ng/wp-includes/js/dist/vendor/regenerator-runtime.min3937.js]
[farmkart.ng/wp-includes/js/dist/vendor/wp-polyfill.min2c7c.js]
[farmkart.ng/wp-includes/js/dist/hooks.mincbb5.js]
[farmkart.ng/wp-includes/js/dist/i18n.min771a.js]
[farmkart.ng/wp-content/plugins/elementor-pro/assets/js/frontend.minf3df.js]
[farmkart.ng/wp-content/plugins/elementor/assets/lib/waypoints/waypoints.min05da.js]
[farmkart.ng/wp-includes/js/jquery/ui/core.min0028.js]
[farmkart.ng/wp-content/plugins/elementor/assets/lib/swiper/swiper.min48f5.js]
[farmkart.ng/wp-content/plugins/elementor/assets/lib/share-link/share-link.minf4e1.js]
[farmkart.ng/wp-content/plugins/elementor/assets/lib/dialog/dialog.mind227.js]
[farmkart.ng/wp-content/plugins/elementor/assets/js/frontend.minf4e1.js]
[farmkart.ng/wp-content/plugins/elementor-pro/assets/js/preloaded-elements-handlers.minf3df.js]
[farmkart.ng/wp-content/plugins/elementor/assets/js/preloaded-modules.minf4e1.js]
[farmkart.ng/wp-content/plugins/elementor-pro/assets/lib/sticky/jquery.sticky.minf3df.js]
[farmkart.ng/wp-content/plugins/woocommerce/assets/js/flexslider/jquery.flexslider.min2320.js]
[farmkart.ng/wp-content/plugins/woocommerce/assets/js/photoswipe/photoswipe.minc12f.js]
[farmkart.ng/wp-content/plugins/woocommerce/assets/js/photoswipe/photoswipe-ui-default.minc12f.js]
[farmkart.ng/wp-includes/js/underscore.minb37e.js]
[farmkart.ng/wp-includes/js/wp-util.min1eb7.js]
[farmkart.ng/wp-content/plugins/woocommerce/assets/js/frontend/add-to-cart-variation.minb6a4.js]
[farmkart.ng/wp-content/plugins/woocommerce/assets/js/frontend/single-product.minb6a4.js]
[farmkart.ng/index.html]
[farmkart.ng/wp-content/plugins/minmax-quantity-for-woocommerce/css/shopcb9c.css]
[farmkart.ng/wp-includes/css/dist/block-library/style.min1eb7.css]
[farmkart.ng/wp-includes/css/dist/components/style.min1eb7.css]
[farmkart.ng/wp-includes/css/dist/block-editor/style.min1eb7.css]
[farmkart.ng/wp-includes/css/dist/nux/style.min1eb7.css]
[farmkart.ng/wp-includes/css/dist/reusable-blocks/style.min1eb7.css]
[farmkart.ng/wp-includes/css/dist/editor/style.min1eb7.css]
[farmkart.ng/wp-content/plugins/simple-job-board/sjb-block/dist/blocks.style.build.css]
[farmkart.ng/wp-content/plugins/woocommerce/packages/woocommerce-blocks/build/wc-blocks-vendors-style4ae6.css]
[farmkart.ng/wp-content/plugins/woocommerce/packages/woocommerce-blocks/build/wc-blocks-style4ae6.css]
[farmkart.ng/wp-content/plugins/simple-job-board/public/fonts/fontawesome-webfont3e6e.eot]
[farmkart.ng/wp-content/plugins/simple-job-board/public/fonts/fontawesome-webfontd41d.eot]
[farmkart.ng/wp-content/plugins/simple-job-board/public/fonts/fontawesome-webfont3e6e.woff2]
[farmkart.ng/wp-content/plugins/simple-job-board/public/fonts/fontawesome-webfont3e6e.woff]
[farmkart.ng/wp-content/plugins/simple-job-board/public/fonts/fontawesome-webfont3e6e.ttf]
[farmkart.ng/wp-content/plugins/simple-job-board/public/css/font-awesome.min1849.css]
[farmkart.ng/wp-content/plugins/simple-job-board/public/fonts/fontawesome-webfont3e6e.svg]
[farmkart.ng/wp-content/plugins/simple-job-board/public/images/ui-icons_444444_256x240.png]
[farmkart.ng/wp-content/plugins/simple-job-board/public/images/ui-icons_555555_256x240.png]
[farmkart.ng/wp-content/plugins/simple-job-board/public/images/ui-icons_ffffff_256x240.png]
[farmkart.ng/wp-content/plugins/simple-job-board/public/images/ui-icons_777620_256x240.png]
[farmkart.ng/wp-content/plugins/simple-job-board/public/images/ui-icons_cc0000_256x240.png]
[farmkart.ng/wp-content/plugins/simple-job-board/public/images/ui-icons_777777_256x240.png]
[farmkart.ng/wp-content/plugins/simple-job-board/public/css/jquery-ui35d0.css]
[farmkart.ng/wp-content/plugins/simple-job-board/public/images/flags.png]
[farmkart.ng/wp-content/plugins/simple-job-board/public/images/flags@2x.png]
[farmkart.ng/wp-content/plugins/simple-job-board/public/images/select-arrow.png]
[farmkart.ng/wp-content/plugins/simple-job-board/public/css/simple-job-board-public6e0e.css]
[farmkart.ng/wp-content/uploads/essential-addons-elementor/cb70d11b8.min93a6.css]
[farmkart.ng/wp-content/plugins/yith-woocommerce-social-login/assets/css/frontend1eb7.css]
[farmkart.ng/wp-content/plugins/elementor/assets/lib/eicons/fonts/eicons5519.eot]
[farmkart.ng/wp-content/plugins/elementor/assets/lib/eicons/fonts/eicons5519.woff2]
[farmkart.ng/wp-content/plugins/elementor/assets/lib/eicons/fonts/eicons5519.woff]
[farmkart.ng/wp-content/plugins/elementor/assets/lib/eicons/fonts/eicons5519.ttf]
[farmkart.ng/wp-content/plugins/elementor/assets/lib/eicons/css/elementor-icons.min7816.css]
[farmkart.ng/wp-content/plugins/essential-addons-for-elementor-lite/assets/admin/images/templately/logo-icon.svg]
[farmkart.ng/wp-content/plugins/elementor/assets/css/frontend-legacy.minf4e1.css]
[farmkart.ng/wp-content/plugins/elementor/assets/css/frontend.minf4e1.css]
[farmkart.ng/wp-content/uploads/elementor/css/post-2041adc4.css]
[farmkart.ng/wp-content/plugins/elementor-pro/assets/css/frontend.minf3df.css]
[farmkart.ng/wp-content/plugins/elementor/assets/lib/eicons/fonts/eicons5519.svg]
[farmkart.ng/wp-content/plugins/elementor/assets/lib/font-awesome/webfonts/fa-brands-400.eot]
[farmkart.ng/wp-content/plugins/elementor/assets/lib/font-awesome/webfonts/fa-brands-400d41d.eot]
[farmkart.ng/wp-content/plugins/elementor/assets/lib/font-awesome/webfonts/fa-brands-400.woff2]
[farmkart.ng/wp-content/plugins/elementor/assets/lib/font-awesome/webfonts/fa-brands-400.woff]
[farmkart.ng/wp-content/plugins/elementor/assets/lib/font-awesome/webfonts/fa-brands-400.ttf]
[farmkart.ng/wp-content/plugins/elementor/assets/lib/font-awesome/webfonts/fa-regular-400.eot]
[farmkart.ng/wp-content/plugins/elementor/assets/lib/font-awesome/webfonts/fa-brands-400.svg]
[farmkart.ng/wp-content/plugins/elementor/assets/lib/font-awesome/webfonts/fa-regular-400d41d.eot]
[farmkart.ng/wp-content/plugins/elementor/assets/lib/font-awesome/webfonts/fa-regular-400.woff2]
[farmkart.ng/wp-content/plugins/elementor/assets/lib/font-awesome/webfonts/fa-regular-400.woff]
[farmkart.ng/wp-content/plugins/elementor/assets/lib/font-awesome/webfonts/fa-regular-400.ttf]
[farmkart.ng/wp-content/plugins/elementor/assets/lib/font-awesome/webfonts/fa-regular-400.svg]
[farmkart.ng/wp-content/plugins/elementor/assets/lib/font-awesome/webfonts/fa-solid-900.eot]
[farmkart.ng/wp-content/plugins/elementor/assets/lib/font-awesome/webfonts/fa-solid-900d41d.eot]
[farmkart.ng/wp-content/plugins/elementor/assets/lib/font-awesome/webfonts/fa-solid-900.woff2]
[farmkart.ng/wp-content/plugins/elementor/assets/lib/font-awesome/webfonts/fa-solid-900.woff]
[farmkart.ng/wp-content/plugins/elementor/assets/lib/font-awesome/webfonts/fa-solid-900.ttf]
[farmkart.ng/wp-content/plugins/elementor/assets/lib/font-awesome/css/all.min9738.css]
[farmkart.ng/wp-content/plugins/elementor/assets/lib/font-awesome/css/v4-shims.min9738.css]
[farmkart.ng/wp-content/uploads/elementor/css/global3f30.css]
[farmkart.ng/wp-content/plugins/elementor/assets/lib/font-awesome/webfonts/fa-solid-900.svg]
[farmkart.ng/wp-content/uploads/elementor/css/post-20153f30.css]
[farmkart.ng/wp-content/uploads/elementor/css/post-18963f30.css]
[farmkart.ng/wp-content/uploads/elementor/css/post-20803f30.css]
[farmkart.ng/wp-content/themes/savoy/assets/css/third-party/normalize.min5b75.css]
[farmkart.ng/wp-content/themes/savoy/assets/css/third-party/slick.min2846.css]
[farmkart.ng/wp-content/themes/savoy/assets/css/third-party/slick-theme.min2846.css]
[farmkart.ng/wp-content/themes/savoy/assets/css/third-party/magnific-popup.mindfe0.css]
[farmkart.ng/wp-content/themes/savoy/assets/css/grided42.css]
[farmkart.ng/wp-content/themes/savoy/assets/css/third-party/selectod.min7e2e.css]
[farmkart.ng/wp-content/themes/savoy/assets/css/shoped42.css]
[farmkart.ng/wp-content/uploads/2021/05/Frame-1.svg]
[farmkart.ng/wp-content/themes/savoy/assets/css/font-icons/theme-icons/fonts/nm-fontce46.ttf]
[farmkart.ng/wp-content/themes/savoy/assets/css/font-icons/theme-icons/fonts/nm-fontce46.woff]
[farmkart.ng/wp-content/themes/savoy/assets/css/font-icons/theme-icons/theme-icons.mined42.css]
[farmkart.ng/wp-content/themes/savoy/assets/css/font-icons/theme-icons/fonts/nm-fontce46.svg]
[farmkart.ng/wp-content/themes/savoy/assets/img/select-arrow@2x.gif]
[farmkart.ng/wp-content/themes/savoy/styleed42.css]
[farmkart.ng/wp-content/themes/savoy/assets/css/elementsed42.css]
[farmkart.ng/wp-content/themes/savoy-child/styled78f.css]
[farmkart.ng/wp-content/uploads/2018/06/Farmkart-footer-bkg.svg]
[farmkart.ng/wp-content/themes/savoy-child/custom-styled78f.css]
[farmkart.ng/wp-content/plugins/elementor/assets/lib/font-awesome/css/fontawesome.min52d5.css]
[farmkart.ng/wp-content/plugins/elementor/assets/lib/font-awesome/css/solid.min52d5.css]
[farmkart.ng/wp-content/plugins/elementor/assets/lib/font-awesome/css/brands.min52d5.css]
[farmkart.ng/wp-content/uploads/2018/07/Payment-icon.svg]
[farmkart.ng/wp-content/uploads/2021/05/Screenshot_2021-04-18_at_19.56.39-removebg-preview.png]
[farmkart.ng/wp-content/uploads/essential-addons-elementor/10094f004.min3a76.css]
[farmkart.ng/wp-content/uploads/elementor/css/post-5454d7.css]
[farmkart.ng/wp-json/wp/v2/pages/54.json]
[farmkart.ng/wp-json/oembed/1.0/embed356d.json]
[farmkart.ng/wp-json/oembed/1.0/embed1585]
[farmkart.ng/wp-content/uploads/2021/05/shutterstock_1034569678.jpg]
[farmkart.ng/wp-content/uploads/2021/05/farmkart-catfish-768x1024.jpg]
[farmkart.ng/wp-content/uploads/2021/05/farmkart-eggs-2-768x1024.jpg]
[farmkart.ng/wp-content/uploads/essential-addons-elementor/10094f004.min3a76.js]
[farmkart.ng/about/index.html]
[farmkart.ng/wp-content/uploads/2021/05/Group-3-1.png]
[farmkart.ng/wp-content/uploads/elementor/css/post-38823f2.css]
[farmkart.ng/wp-json/wp/v2/pages/388.json]
[farmkart.ng/wp-json/oembed/1.0/embed8509.json]
[farmkart.ng/wp-json/oembed/1.0/embed338b]
[farmkart.ng/wp-content/uploads/2021/05/Group-34-3.png]
[farmkart.ng/services/index.html]
[farmkart.ng/wp-content/uploads/2021/05/shutterstock_1420743152-1.jpg]
[farmkart.ng/wp-content/uploads/elementor/css/post-19934e9d.css]
[farmkart.ng/wp-json/wp/v2/pages/1993.json]
[farmkart.ng/wp-json/oembed/1.0/embeda0ef.json]
[farmkart.ng/wp-json/oembed/1.0/embedcc0d]
[farmkart.ng/wp-content/uploads/2021/05/shutterstock_1781513867.jpg]
[farmkart.ng/impacts/index.html]
[farmkart.ng/wp-content/uploads/elementor/css/post-20300aba.css]
[farmkart.ng/wp-json/wp/v2/pages/2030.json]
[farmkart.ng/wp-json/oembed/1.0/embedc6e1.json]
[farmkart.ng/wp-json/oembed/1.0/embed1bfa]
[farmkart.ng/wp-content/uploads/2021/02/shutterstock_1504357316-300x200.jpg]
[farmkart.ng/wp-content/uploads/2021/02/Group-4-300x198.png]
[farmkart.ng/wp-content/uploads/2021/02/Farmkart-1-2-889x1024-1-260x300.jpg]
[farmkart.ng/blog/index.html]
[farmkart.ng/how-to-invest-in-farmkart-fc10509488f6/index.html]
[farmkart.ng/farmkart-the-past-the-future-a443d65712ed/index.html]
[farmkart.ng/wp-content/uploads/elementor/css/post-561c61.css]
[farmkart.ng/farmkart-2-0-c4771daff1d/index.html]
[farmkart.ng/wp-json/wp/v2/pages/56.json]
[farmkart.ng/wp-json/oembed/1.0/embed56b7.json]
[farmkart.ng/contact/index.html]
[farmkart.ng/wp-json/oembed/1.0/embedcf48]
[farmkart.ng/wp-content/plugins/woocommerce/assets/css/select2b6a4.css]
[farmkart.ng/wp-content/uploads/essential-addons-elementor/734e5f942.minded5.css]
[farmkart.ng/wp-includes/js/zxcvbn-async.min5152.js]
[farmkart.ng/wp-json/wp/v2/pages/9.json]
[farmkart.ng/wp-json/oembed/1.0/embed7d34.json]
[farmkart.ng/wp-json/oembed/1.0/embedb27f]
[farmkart.ng/wp-content/plugins/woocommerce/assets/js/selectWoo/selectWoo.full.min4547.js]
[farmkart.ng/wp-admin/js/password-strength-meter.min1eb7.js]
[farmkart.ng/my-account/lost-password/index.html]
[farmkart.ng/wp-content/plugins/woocommerce/assets/js/frontend/password-strength-meter.minb6a4.js]
[farmkart.ng/wp-content/uploads/essential-addons-elementor/734e5f942.minded5.js]
[farmkart.ng/wp-content/themes/savoy/assets/js/nm-shop-login.mined42.js]
[farmkart.ng/my-account/index.html]
[farmkart.ng/wp-content/uploads/2021/05/menu-1-2.svg]
[farmkart.ng/wp-content/uploads/2021/05/Group.svg]
[farmkart.ng/cdn-cgi/l/email-protection.html]
[farmkart.ng/wp-content/uploads/elementor/css/post-365e785.css]
[farmkart.ng/wp-json/wp/v2/pages/365.json]
[farmkart.ng/wp-json/oembed/1.0/embedbefd.json]
[farmkart.ng/privacy-terms/index.html]
[farmkart.ng/wp-content/uploads/2021/05/x-3.svg]
[farmkart.ng/wp-content/uploads/elementor/css/post-2139c897.css]
[farmkart.ng/wp-content/plugins/elementor/assets/lib/animations/animations.minf4e1.css]
[farmkart.ng/wp-json/oembed/1.0/embed3374]
[farmkart.ng/wp-content/plugins/woocommerce/assets/css/photoswipe/default-skin/default-skin.png]
[farmkart.ng/wp-content/plugins/woocommerce/assets/css/photoswipe/photoswipe.minb6a4.css]
[farmkart.ng/wp-content/plugins/woocommerce/assets/css/photoswipe/default-skin/default-skin.svg]
[farmkart.ng/wp-content/plugins/woocommerce/assets/css/photoswipe/default-skin/preloader.gif]
[farmkart.ng/wp-content/plugins/woocommerce/assets/css/photoswipe/default-skin/default-skin.minb6a4.css]
[farmkart.ng/wp-content/plugins/simple-job-board/public/fonts/fontawesome-webfont3e6e.svg]
[farmkart.ng/wp-content/plugins/simple-job-board/public/images/ui-icons_ffffff_256x240.html]
[farmkart.ng/wp-content/plugins/simple-job-board/public/images/ui-icons_777620_256x240.html]
[farmkart.ng/wp-content/plugins/simple-job-board/public/images/ui-icons_cc0000_256x240.html]
[farmkart.ng/wp-content/plugins/simple-job-board/public/images/ui-icons_777777_256x240.html]
[farmkart.ng/wp-content/plugins/elementor/assets/lib/eicons/fonts/eicons5519.svg]
[farmkart.ng/wp-content/plugins/elementor/assets/lib/font-awesome/webfonts/fa-brands-400.svg]
[farmkart.ng/wp-content/plugins/elementor/assets/lib/font-awesome/webfonts/fa-regular-400.svg]
[farmkart.ng/wp-content/plugins/elementor/assets/lib/font-awesome/webfonts/fa-solid-900.svg]
[farmkart.ng/wp-content/uploads/2021/05/Frame-1.svg]
[farmkart.ng/wp-content/themes/savoy/assets/css/font-icons/theme-icons/fonts/nm-fontce46.svg]
[farmkart.ng/wp-content/uploads/2018/06/Farmkart-footer-bkg.svg]
[farmkart.ng/wp-content/uploads/2018/07/Payment-icon.svg]
[farmkart.ng/wp-content/uploads/essential-addons-elementor/10094f004.min3a76.css]
[farmkart.ng/wp-content/uploads/elementor/css/post-5454d7.css]
[farmkart.ng/indexcc0f.html]
[farmkart.ng/wp-content/uploads/2021/05/Rectangle-48.png]
[farmkart.ng/wp-content/uploads/elementor/css/post-38823f2.css]
[farmkart.ng/index42a9.html]
[farmkart.ng/wp-content/uploads/2021/05/farmkart-impact-livestock_-1-3.jpg]
[farmkart.ng/wp-content/uploads/elementor/css/post-19934e9d.css]
[farmkart.ng/index5b92.html]
[farmkart.ng/wp-content/uploads/elementor/css/post-20300aba.css]
[farmkart.ng/indexb776.html]
[farmkart.ng/wp-content/uploads/2021/02/shutterstock_1504357316.jpg]
[farmkart.ng/wp-content/uploads/essential-addons-elementor/734e5f942.min789d.css]
[farmkart.ng/how-to-invest-in-farmkart-fc10509488f6/feed/index.html]
[farmkart.ng/wp-content/uploads/elementor/css/post-19087739.css]
[farmkart.ng/wp-json/wp/v2/posts/502.json]
[farmkart.ng/wp-json/oembed/1.0/embed5b37.json]
[farmkart.ng/wp-json/oembed/1.0/embed2a5b]
[farmkart.ng/wp-content/uploads/2021/03/11AfMZqFbVHAM_1dpXSrxGQ.png]
[farmkart.ng/wp-content/plugins/elementor/assets/lib/font-awesome/css/regular.min52d5.css]
[farmkart.ng/2021/02/26/index.html]
[farmkart.ng/wp-content/uploads/essential-addons-elementor/734e5f942.min789d.js]
[farmkart.ng/wp-includes/js/comment-reply.min1eb7.js]
[farmkart.ng/how-to-invest-in-farmkart-fc10509488f6/index.html]
[farmkart.ng/wp-content/uploads/essential-addons-elementor/734e5f942.mine526.css]
[farmkart.ng/farmkart-the-past-the-future-a443d65712ed/feed/index.html]
[farmkart.ng/wp-json/wp/v2/posts/501.json]
[farmkart.ng/wp-json/oembed/1.0/embed7ff8.json]
[farmkart.ng/wp-json/oembed/1.0/embedba86]
[farmkart.ng/wp-content/uploads/2021/03/1zxfK9o604S9iKvoOS6iWrQ.png]
[farmkart.ng/farmkart-the-past-the-future-a443d65712ed/index.html]
[farmkart.ng/wp-content/uploads/essential-addons-elementor/734e5f942.mine526.js]
[farmkart.ng/wp-content/uploads/2021/02/Farmkart-1-2-889x1024-1.jpg]
[farmkart.ng/2021/02/24/index.html]
[farmkart.ng/wp-content/uploads/essential-addons-elementor/734e5f942.min27a7.css]
[farmkart.ng/farmkart-2-0-c4771daff1d/feed/index.html]
[farmkart.ng/wp-json/wp/v2/posts/503.json]
[farmkart.ng/wp-json/oembed/1.0/embedfbea.json]
[farmkart.ng/wp-json/oembed/1.0/embedfd9d]
[cdn-images-1.medium.com/max/800/1_LmYg5QTZ3aqsRNSrpXBJkA.jpg]
[farmkart.ng/2018/07/16/index.html]
[farmkart.ng/farmkart-2-0-c4771daff1d/index.html]
[farmkart.ng/wp-content/uploads/elementor/css/post-561c61.css]
[farmkart.ng/index2dc8.html]
[farmkart.ng/wp-content/plugins/woocommerce/assets/css/select2b6a4.css]
[farmkart.ng/wp-content/uploads/essential-addons-elementor/734e5f942.min27a7.js]
[farmkart.ng/wp-content/uploads/img/bg.jpg]
[farmkart.ng/wp-content/uploads/essential-addons-elementor/734e5f942.minded5.css]
[farmkart.ng/indexb5fb.html]
[farmkart.ng/wp-content/uploads/essential-addons-elementor/734e5f942.min4980.css]
[farmkart.ng/wp-content/plugins/woocommerce/assets/js/frontend/lost-password.minb6a4.js]
[farmkart.ng/my-account/lost-password/index.html]
[farmkart.ng/wp-content/uploads/elementor/css/post-365e785.css]
[farmkart.ng/index18ee.html]
[farmkart.ng/wp-content/plugins/woocommerce/assets/css/photoswipe/default-skin/default-skin.svg]
[farmkart.ng/wp-content/uploads/essential-addons-elementor/734e5f942.min789d.css]
[farmkart.ng/wp-content/uploads/elementor/css/post-19087739.css]
[farmkart.ng/indexda6e.html]
[farmkart.ng/wp-content/uploads/essential-addons-elementor/734e5f942.min4980.js]
[farmkart.ng/wp-content/uploads/essential-addons-elementor/734e5f942.min4e21.css]
[farmkart.ng/wp-content/uploads/essential-addons-elementor/734e5f942.min4e21.js]
[farmkart.ng/wp-content/themes/savoy/assets/js/plugins/masonry.pkgd.min3a05.js]
[farmkart.ng/2021/02/26/index.html]
[farmkart.ng/wp-content/plugins/elementor/assets/lib/font-awesome/css/regular.min52d5.css]
[farmkart.ng/wp-content/uploads/essential-addons-elementor/734e5f942.mine526.css]
[farmkart.ng/indexc508.html]
[farmkart.ng/wp-content/uploads/essential-addons-elementor/734e5f942.mindf68.css]
[farmkart.ng/2021/02/24/index.html]
[farmkart.ng/wp-content/uploads/essential-addons-elementor/734e5f942.min27a7.css]
[farmkart.ng/index6c15.html]
[farmkart.ng/wp-content/uploads/essential-addons-elementor/734e5f942.mindf68.js]
[farmkart.ng/wp-content/uploads/essential-addons-elementor/734e5f942.min2d38.css]
[farmkart.ng/2018/07/16/index.html]
[farmkart.ng/wp-content/uploads/img/bg.html]
[farmkart.ng/wp-content/uploads/essential-addons-elementor/734e5f942.min4980.css]
[farmkart.ng/wp-content/uploads/essential-addons-elementor/734e5f942.min4e21.css]
[farmkart.ng/wp-content/uploads/essential-addons-elementor/734e5f942.mindf68.css]
[farmkart.ng/wp-content/uploads/essential-addons-elementor/734e5f942.min2d38.css]
[farmkart.ng/wp-content/uploads/essential-addons-elementor/734e5f942.min2d38.js]
